\BOOKMARK [0][-]{chapter.1}{\376\377\0001\000\040\000D\000a\000t\000a\000\040\000S\000t\000r\000u\000c\000t\000u\000r\000e\000\040\000I\000n\000d\000e\000x}{}% 1
\BOOKMARK [1][-]{section.1.1}{\376\377\0001\000.\0001\000\040\000D\000a\000t\000a\000\040\000S\000t\000r\000u\000c\000t\000u\000r\000e\000s}{chapter.1}% 2
\BOOKMARK [0][-]{chapter.2}{\376\377\0002\000\040\000F\000i\000l\000e\000\040\000I\000n\000d\000e\000x}{}% 3
\BOOKMARK [1][-]{section.2.1}{\376\377\0002\000.\0001\000\040\000F\000i\000l\000e\000\040\000L\000i\000s\000t}{chapter.2}% 4
\BOOKMARK [0][-]{chapter.3}{\376\377\0003\000\040\000D\000a\000t\000a\000\040\000S\000t\000r\000u\000c\000t\000u\000r\000e\000\040\000D\000o\000c\000u\000m\000e\000n\000t\000a\000t\000i\000o\000n}{}% 5
\BOOKMARK [1][-]{section.3.1}{\376\377\0003\000.\0001\000\040\000E\000l\000e\000m\000e\000n\000t\000\040\000S\000t\000r\000u\000c\000t\000\040\000R\000e\000f\000e\000r\000e\000n\000c\000e}{chapter.3}% 6
\BOOKMARK [0][-]{chapter.4}{\376\377\0004\000\040\000F\000i\000l\000e\000\040\000D\000o\000c\000u\000m\000e\000n\000t\000a\000t\000i\000o\000n}{}% 7
\BOOKMARK [1][-]{section.4.1}{\376\377\0004\000.\0001\000\040\000g\000r\000a\000f\000i\000c\000z\000n\000y\000.\000c\000\040\000F\000i\000l\000e\000\040\000R\000e\000f\000e\000r\000e\000n\000c\000e}{chapter.4}% 8
\BOOKMARK [2][-]{subsection.4.1.1}{\376\377\0004\000.\0001\000.\0001\000\040\000D\000e\000t\000a\000i\000l\000e\000d\000\040\000D\000e\000s\000c\000r\000i\000p\000t\000i\000o\000n}{section.4.1}% 9
\BOOKMARK [2][-]{subsection.4.1.2}{\376\377\0004\000.\0001\000.\0002\000\040\000F\000u\000n\000c\000t\000i\000o\000n\000\040\000D\000o\000c\000u\000m\000e\000n\000t\000a\000t\000i\000o\000n}{section.4.1}% 10
\BOOKMARK [3][-]{subsubsection.4.1.2.1}{\376\377\0004\000.\0001\000.\0002\000.\0001\000\040\000d\000i\000a\000l\000o\000g\000\137\0001\000\050\000\051}{subsection.4.1.2}% 11
\BOOKMARK [3][-]{subsubsection.4.1.2.2}{\376\377\0004\000.\0001\000.\0002\000.\0002\000\040\000d\000i\000a\000l\000o\000g\000\137\0002\000\050\000\051}{subsection.4.1.2}% 12
\BOOKMARK [3][-]{subsubsection.4.1.2.3}{\376\377\0004\000.\0001\000.\0002\000.\0003\000\040\000d\000i\000a\000l\000o\000g\000\137\0003\000\050\000\051}{subsection.4.1.2}% 13
\BOOKMARK [3][-]{subsubsection.4.1.2.4}{\376\377\0004\000.\0001\000.\0002\000.\0004\000\040\000d\000i\000a\000l\000o\000g\000\137\0004\000\050\000\051}{subsection.4.1.2}% 14
\BOOKMARK [3][-]{subsubsection.4.1.2.5}{\376\377\0004\000.\0001\000.\0002\000.\0005\000\040\000d\000o\000d\000a\000n\000i\000e\000\137\000n\000o\000w\000e\000g\000o\000\137\000e\000l\000e\000m\000e\000n\000t\000u\000\050\000\051}{subsection.4.1.2}% 15
\BOOKMARK [3][-]{subsubsection.4.1.2.6}{\376\377\0004\000.\0001\000.\0002\000.\0006\000\040\000e\000d\000y\000c\000j\000a\000\137\000d\000a\000n\000y\000c\000h\000\050\000\051}{subsection.4.1.2}% 16
\BOOKMARK [3][-]{subsubsection.4.1.2.7}{\376\377\0004\000.\0001\000.\0002\000.\0007\000\040\000f\000o\000r\000m\000a\000\137\000d\000o\000d\000a\000w\000a\000n\000i\000e\000\137\000e\000l\000e\000m\000e\000n\000t\000u\000\050\000\051}{subsection.4.1.2}% 17
\BOOKMARK [3][-]{subsubsection.4.1.2.8}{\376\377\0004\000.\0001\000.\0002\000.\0008\000\040\000f\000o\000r\000m\000a\000\137\000e\000d\000y\000c\000j\000a\000\137\000e\000l\000e\000m\000e\000n\000t\000u\000\050\000\051}{subsection.4.1.2}% 18
\BOOKMARK [3][-]{subsubsection.4.1.2.9}{\376\377\0004\000.\0001\000.\0002\000.\0009\000\040\000m\000a\000i\000n\000\050\000\051}{subsection.4.1.2}% 19
\BOOKMARK [3][-]{subsubsection.4.1.2.10}{\376\377\0004\000.\0001\000.\0002\000.\0001\0000\000\040\000m\000e\000n\000u\000\050\000\051}{subsection.4.1.2}% 20
\BOOKMARK [3][-]{subsubsection.4.1.2.11}{\376\377\0004\000.\0001\000.\0002\000.\0001\0001\000\040\000p\000o\000b\000o\000r\000\137\000d\000a\000n\000y\000c\000h\000\050\000\051}{subsection.4.1.2}% 21
\BOOKMARK [3][-]{subsubsection.4.1.2.12}{\376\377\0004\000.\0001\000.\0002\000.\0001\0002\000\040\000t\000r\000i\000m\000\050\000\051}{subsection.4.1.2}% 22
\BOOKMARK [3][-]{subsubsection.4.1.2.13}{\376\377\0004\000.\0001\000.\0002\000.\0001\0003\000\040\000u\000s\000u\000n\000i\000e\000c\000i\000e\000\137\000e\000l\000e\000m\000e\000n\000t\000u\000\050\000\051}{subsection.4.1.2}% 23
\BOOKMARK [3][-]{subsubsection.4.1.2.14}{\376\377\0004\000.\0001\000.\0002\000.\0001\0004\000\040\000w\000c\000z\000y\000t\000a\000n\000i\000e\000\137\000d\000o\000\137\000s\000t\000r\000u\000k\000t\000u\000r\000y\000\050\000\051}{subsection.4.1.2}% 24
\BOOKMARK [3][-]{subsubsection.4.1.2.15}{\376\377\0004\000.\0001\000.\0002\000.\0001\0005\000\040\000w\000y\000b\000o\000r\000\137\000p\000l\000i\000k\000u\000\050\000\051}{subsection.4.1.2}% 25
\BOOKMARK [3][-]{subsubsection.4.1.2.16}{\376\377\0004\000.\0001\000.\0002\000.\0001\0006\000\040\000w\000y\000s\000w\000i\000e\000t\000l\000e\000n\000i\000e\000\137\000c\000a\000l\000o\000s\000c\000i\000\050\000\051}{subsection.4.1.2}% 26
\BOOKMARK [3][-]{subsubsection.4.1.2.17}{\376\377\0004\000.\0001\000.\0002\000.\0001\0007\000\040\000w\000y\000s\000w\000i\000e\000t\000l\000e\000n\000i\000e\000\137\000w\000y\000s\000z\000u\000k\000a\000n\000i\000a\000\050\000\051}{subsection.4.1.2}% 27
\BOOKMARK [3][-]{subsubsection.4.1.2.18}{\376\377\0004\000.\0001\000.\0002\000.\0001\0008\000\040\000w\000y\000s\000z\000u\000k\000a\000n\000i\000e\000\137\000e\000l\000e\000m\000e\000n\000t\000u\000\050\000\051}{subsection.4.1.2}% 28
\BOOKMARK [3][-]{subsubsection.4.1.2.19}{\376\377\0004\000.\0001\000.\0002\000.\0001\0009\000\040\000w\000y\000s\000z\000u\000k\000a\000n\000i\000e\000\137\000e\000l\000e\000m\000e\000n\000t\000u\000\137\000e\000d\000y\000c\000j\000a\000\050\000\051}{subsection.4.1.2}% 29
\BOOKMARK [3][-]{subsubsection.4.1.2.20}{\376\377\0004\000.\0001\000.\0002\000.\0002\0000\000\040\000z\000a\000p\000i\000s\000\137\000d\000o\000\137\000p\000l\000i\000k\000u\000\050\000\051}{subsection.4.1.2}% 30
\BOOKMARK [3][-]{subsubsection.4.1.2.21}{\376\377\0004\000.\0001\000.\0002\000.\0002\0001\000\040\000z\000w\000o\000l\000n\000i\000e\000n\000i\000e\000\137\000p\000a\000m\000i\000e\000c\000i\000\050\000\051}{subsection.4.1.2}% 31
\BOOKMARK [1][-]{section.4.2}{\376\377\0004\000.\0002\000\040\000s\000o\000r\000t\000o\000w\000a\000n\000i\000e\000.\000c\000\040\000F\000i\000l\000e\000\040\000R\000e\000f\000e\000r\000e\000n\000c\000e}{chapter.4}% 32
\BOOKMARK [2][-]{subsection.4.2.1}{\376\377\0004\000.\0002\000.\0001\000\040\000D\000e\000t\000a\000i\000l\000e\000d\000\040\000D\000e\000s\000c\000r\000i\000p\000t\000i\000o\000n}{section.4.2}% 33
\BOOKMARK [2][-]{subsection.4.2.2}{\376\377\0004\000.\0002\000.\0002\000\040\000F\000u\000n\000c\000t\000i\000o\000n\000\040\000D\000o\000c\000u\000m\000e\000n\000t\000a\000t\000i\000o\000n}{section.4.2}% 34
\BOOKMARK [3][-]{subsubsection.4.2.2.1}{\376\377\0004\000.\0002\000.\0002\000.\0001\000\040\000M\000s\000o\000r\000t\000u\000j\000\137\000a\000r\000t\000y\000s\000t\000a\000\050\000\051}{subsection.4.2.2}% 35
\BOOKMARK [3][-]{subsubsection.4.2.2.2}{\376\377\0004\000.\0002\000.\0002\000.\0002\000\040\000M\000s\000o\000r\000t\000u\000j\000\137\000g\000a\000t\000u\000n\000e\000k\000\050\000\051}{subsection.4.2.2}% 36
\BOOKMARK [3][-]{subsubsection.4.2.2.3}{\376\377\0004\000.\0002\000.\0002\000.\0003\000\040\000M\000s\000o\000r\000t\000u\000j\000\137\000l\000\137\000u\000t\000w\000o\000r\000o\000w\000\050\000\051}{subsection.4.2.2}% 37
\BOOKMARK [3][-]{subsubsection.4.2.2.4}{\376\377\0004\000.\0002\000.\0002\000.\0004\000\040\000M\000s\000o\000r\000t\000u\000j\000\137\000r\000o\000k\000\050\000\051}{subsection.4.2.2}% 38
\BOOKMARK [3][-]{subsubsection.4.2.2.5}{\376\377\0004\000.\0002\000.\0002\000.\0005\000\040\000M\000s\000o\000r\000t\000u\000j\000\137\000t\000y\000t\000u\000l\000\050\000\051}{subsection.4.2.2}% 39
\BOOKMARK [3][-]{subsubsection.4.2.2.6}{\376\377\0004\000.\0002\000.\0002\000.\0006\000\040\000R\000s\000o\000r\000t\000u\000j\000\137\000a\000r\000t\000y\000s\000t\000a\000\050\000\051}{subsection.4.2.2}% 40
\BOOKMARK [3][-]{subsubsection.4.2.2.7}{\376\377\0004\000.\0002\000.\0002\000.\0007\000\040\000R\000s\000o\000r\000t\000u\000j\000\137\000g\000a\000t\000u\000n\000e\000k\000\050\000\051}{subsection.4.2.2}% 41
\BOOKMARK [3][-]{subsubsection.4.2.2.8}{\376\377\0004\000.\0002\000.\0002\000.\0008\000\040\000R\000s\000o\000r\000t\000u\000j\000\137\000l\000\137\000u\000t\000w\000o\000r\000o\000w\000\050\000\051}{subsection.4.2.2}% 42
\BOOKMARK [3][-]{subsubsection.4.2.2.9}{\376\377\0004\000.\0002\000.\0002\000.\0009\000\040\000R\000s\000o\000r\000t\000u\000j\000\137\000r\000o\000k\000\050\000\051}{subsection.4.2.2}% 43
\BOOKMARK [3][-]{subsubsection.4.2.2.10}{\376\377\0004\000.\0002\000.\0002\000.\0001\0000\000\040\000R\000s\000o\000r\000t\000u\000j\000\137\000t\000y\000t\000u\000l\000\050\000\051}{subsection.4.2.2}% 44
\BOOKMARK [3][-]{subsubsection.4.2.2.11}{\376\377\0004\000.\0002\000.\0002\000.\0001\0001\000\040\000s\000o\000r\000t\000o\000w\000a\000n\000i\000e\000\050\000\051}{subsection.4.2.2}% 45
\BOOKMARK [0][-]{section*.5}{\376\377\000I\000n\000d\000e\000x}{}% 46
